<?xml version="1.0" encoding="UTF-8"?>
<coverage generated="1772302191610" clover="3.2.0">
  <project timestamp="1772302191610" name="All files">
    <metrics statements="269" coveredstatements="255" conditionals="112" coveredconditionals="87" methods="23" coveredmethods="21" elements="404" coveredelements="363" complexity="0" loc="269" ncloc="269" packages="6" files="10" classes="10"/>
    <package name="backend">
      <metrics statements="21" coveredstatements="15" conditionals="8" coveredconditionals="1" methods="3" coveredmethods="1"/>
      <file name="index.js" path="/home/deep/coding/tekkzy/backend/index.js">
        <metrics statements="21" coveredstatements="15" conditionals="8" coveredconditionals="1" methods="3" coveredmethods="1"/>
        <line num="1" count="4" type="stmt"/>
        <line num="2" count="4" type="stmt"/>
        <line num="3" count="4" type="stmt"/>
        <line num="5" count="4" type="stmt"/>
        <line num="7" count="4" type="stmt"/>
        <line num="8" count="4" type="stmt"/>
        <line num="9" count="4" type="stmt"/>
        <line num="12" count="4" type="stmt"/>
        <line num="13" count="1" type="stmt"/>
        <line num="24" count="4" type="stmt"/>
        <line num="25" count="4" type="stmt"/>
        <line num="26" count="4" type="stmt"/>
        <line num="29" count="4" type="stmt"/>
        <line num="30" count="0" type="cond" truecount="0" falsecount="2"/>
        <line num="31" count="0" type="stmt"/>
        <line num="32" count="0" type="stmt"/>
        <line num="39" count="4" type="cond" truecount="1" falsecount="1"/>
        <line num="40" count="0" type="cond" truecount="0" falsecount="2"/>
        <line num="41" count="0" type="stmt"/>
        <line num="42" count="0" type="stmt"/>
        <line num="47" count="4" type="stmt"/>
      </file>
    </package>
    <package name="backend.__tests__.fixtures">
      <metrics statements="9" coveredstatements="9" conditionals="0" coveredconditionals="0" methods="0" coveredmethods="0"/>
      <file name="mockData.js" path="/home/deep/coding/tekkzy/backend/__tests__/fixtures/mockData.js">
        <metrics statements="9" coveredstatements="9" conditionals="0" coveredconditionals="0" methods="0" coveredmethods="0"/>
        <line num="1" count="8" type="stmt"/>
        <line num="7" count="8" type="stmt"/>
        <line num="13" count="8" type="stmt"/>
        <line num="19" count="8" type="stmt"/>
        <line num="29" count="8" type="stmt"/>
        <line num="35" count="8" type="stmt"/>
        <line num="49" count="8" type="stmt"/>
        <line num="51" count="8" type="stmt"/>
        <line num="59" count="8" type="stmt"/>
      </file>
    </package>
    <package name="backend.__tests__.mocks">
      <metrics statements="14" coveredstatements="14" conditionals="0" coveredconditionals="0" methods="4" coveredmethods="4"/>
      <file name="awsMocks.js" path="/home/deep/coding/tekkzy/backend/__tests__/mocks/awsMocks.js">
        <metrics statements="14" coveredstatements="14" conditionals="0" coveredconditionals="0" methods="4" coveredmethods="4"/>
        <line num="8" count="8" type="stmt"/>
        <line num="11" count="8" type="stmt"/>
        <line num="12" count="8" type="stmt"/>
        <line num="15" count="8" type="stmt"/>
        <line num="16" count="8" type="stmt"/>
        <line num="21" count="8" type="stmt"/>
        <line num="22" count="8" type="stmt"/>
        <line num="27" count="8" type="stmt"/>
        <line num="30" count="8" type="stmt"/>
        <line num="31" count="8" type="stmt"/>
        <line num="32" count="4" type="stmt"/>
        <line num="38" count="8" type="stmt"/>
        <line num="39" count="10" type="stmt"/>
        <line num="41" count="8" type="stmt"/>
      </file>
    </package>
    <package name="backend.controllers">
      <metrics statements="180" coveredstatements="172" conditionals="94" coveredconditionals="76" methods="14" coveredmethods="14"/>
      <file name="authController.js" path="/home/deep/coding/tekkzy/backend/controllers/authController.js">
        <metrics statements="77" coveredstatements="76" conditionals="38" coveredconditionals="32" methods="6" coveredmethods="6"/>
        <line num="8" count="5" type="stmt"/>
        <line num="9" count="5" type="stmt"/>
        <line num="10" count="5" type="stmt"/>
        <line num="12" count="5" type="stmt"/>
        <line num="13" count="5" type="cond" truecount="1" falsecount="1"/>
        <line num="15" count="5" type="stmt"/>
        <line num="19" count="5" type="stmt"/>
        <line num="21" count="5" type="stmt"/>
        <line num="22" count="8" type="stmt"/>
        <line num="23" count="8" type="stmt"/>
        <line num="25" count="8" type="cond" truecount="5" falsecount="0"/>
        <line num="26" count="2" type="stmt"/>
        <line num="29" count="6" type="stmt"/>
        <line num="31" count="6" type="stmt"/>
        <line num="41" count="6" type="stmt"/>
        <line num="43" count="2" type="stmt"/>
        <line num="50" count="4" type="stmt"/>
        <line num="51" count="4" type="cond" truecount="2" falsecount="0"/>
        <line num="52" count="2" type="stmt"/>
        <line num="54" count="2" type="cond" truecount="2" falsecount="0"/>
        <line num="55" count="1" type="stmt"/>
        <line num="57" count="1" type="stmt"/>
        <line num="61" count="5" type="stmt"/>
        <line num="62" count="8" type="stmt"/>
        <line num="63" count="8" type="stmt"/>
        <line num="65" count="8" type="cond" truecount="4" falsecount="0"/>
        <line num="66" count="2" type="stmt"/>
        <line num="69" count="6" type="stmt"/>
        <line num="71" count="6" type="stmt"/>
        <line num="77" count="6" type="stmt"/>
        <line num="79" count="2" type="stmt"/>
        <line num="81" count="4" type="stmt"/>
        <line num="82" count="4" type="cond" truecount="2" falsecount="0"/>
        <line num="83" count="2" type="stmt"/>
        <line num="85" count="2" type="cond" truecount="2" falsecount="0"/>
        <line num="86" count="1" type="stmt"/>
        <line num="88" count="1" type="stmt"/>
        <line num="92" count="5" type="stmt"/>
        <line num="93" count="5" type="stmt"/>
        <line num="94" count="5" type="stmt"/>
        <line num="96" count="5" type="cond" truecount="2" falsecount="0"/>
        <line num="97" count="2" type="stmt"/>
        <line num="100" count="3" type="stmt"/>
        <line num="102" count="3" type="stmt"/>
        <line num="107" count="3" type="stmt"/>
        <line num="109" count="2" type="stmt"/>
        <line num="111" count="1" type="stmt"/>
        <line num="112" count="1" type="stmt"/>
        <line num="116" count="5" type="stmt"/>
        <line num="117" count="10" type="stmt"/>
        <line num="118" count="10" type="stmt"/>
        <line num="120" count="10" type="cond" truecount="4" falsecount="0"/>
        <line num="121" count="2" type="stmt"/>
        <line num="124" count="8" type="stmt"/>
        <line num="126" count="8" type="stmt"/>
        <line num="135" count="8" type="stmt"/>
        <line num="136" count="3" type="stmt"/>
        <line num="139" count="3" type="stmt"/>
        <line num="142" count="3" type="stmt"/>
        <line num="143" count="3" type="stmt"/>
        <line num="144" count="3" type="stmt"/>
        <line num="145" count="9" type="stmt"/>
        <line num="149" count="3" type="stmt"/>
        <line num="150" count="3" type="stmt"/>
        <line num="151" count="3" type="stmt"/>
        <line num="165" count="1" type="cond" truecount="1" falsecount="1"/>
        <line num="166" count="0" type="stmt"/>
        <line num="170" count="3" type="stmt"/>
        <line num="179" count="5" type="stmt"/>
        <line num="180" count="5" type="cond" truecount="2" falsecount="0"/>
        <line num="181" count="2" type="stmt"/>
        <line num="183" count="3" type="cond" truecount="2" falsecount="0"/>
        <line num="184" count="2" type="stmt"/>
        <line num="189" count="1" type="stmt"/>
        <line num="193" count="5" type="stmt"/>
        <line num="194" count="2" type="stmt"/>
        <line num="197" count="5" type="stmt"/>
      </file>
      <file name="contactController.js" path="/home/deep/coding/tekkzy/backend/controllers/contactController.js">
        <metrics statements="79" coveredstatements="73" conditionals="41" coveredconditionals="33" methods="7" coveredmethods="7"/>
        <line num="1" count="5" type="stmt"/>
        <line num="2" count="5" type="stmt"/>
        <line num="3" count="5" type="stmt"/>
        <line num="4" count="5" type="stmt"/>
        <line num="5" count="5" type="stmt"/>
        <line num="7" count="5" type="stmt"/>
        <line num="8" count="5" type="stmt"/>
        <line num="10" count="5" type="cond" truecount="1" falsecount="2"/>
        <line num="13" count="5" type="stmt"/>
        <line num="15" count="5" type="stmt"/>
        <line num="17" count="10" type="stmt"/>
        <line num="18" count="10" type="cond" truecount="3" falsecount="1"/>
        <line num="19" count="10" type="stmt"/>
        <line num="20" count="10" type="cond" truecount="1" falsecount="1"/>
        <line num="21" count="0" type="stmt"/>
        <line num="23" count="10" type="stmt"/>
        <line num="28" count="10" type="stmt"/>
        <line num="29" count="10" type="stmt"/>
        <line num="32" count="10" type="cond" truecount="1" falsecount="1"/>
        <line num="33" count="0" type="stmt"/>
        <line num="34" count="10" type="cond" truecount="1" falsecount="1"/>
        <line num="35" count="0" type="stmt"/>
        <line num="36" count="10" type="cond" truecount="2" falsecount="0"/>
        <line num="37" count="8" type="stmt"/>
        <line num="39" count="2" type="stmt"/>
        <line num="42" count="10" type="stmt"/>
        <line num="43" count="10" type="cond" truecount="4" falsecount="0"/>
        <line num="44" count="4" type="stmt"/>
        <line num="45" count="4" type="stmt"/>
        <line num="49" count="4" type="stmt"/>
        <line num="51" count="0" type="stmt"/>
        <line num="55" count="10" type="stmt"/>
        <line num="69" count="5" type="stmt"/>
        <line num="70" count="7" type="stmt"/>
        <line num="72" count="7" type="stmt"/>
        <line num="78" count="5" type="cond" truecount="2" falsecount="0"/>
        <line num="79" count="8" type="stmt"/>
        <line num="82" count="5" type="stmt"/>
        <line num="84" count="5" type="stmt"/>
        <line num="86" count="2" type="stmt"/>
        <line num="93" count="5" type="stmt"/>
        <line num="94" count="4" type="stmt"/>
        <line num="95" count="4" type="stmt"/>
        <line num="105" count="3" type="cond" truecount="1" falsecount="1"/>
        <line num="106" count="2" type="stmt"/>
        <line num="109" count="3" type="stmt"/>
        <line num="111" count="3" type="stmt"/>
        <line num="113" count="1" type="stmt"/>
        <line num="120" count="5" type="stmt"/>
        <line num="121" count="7" type="stmt"/>
        <line num="122" count="7" type="stmt"/>
        <line num="124" count="7" type="cond" truecount="6" falsecount="0"/>
        <line num="125" count="2" type="stmt"/>
        <line num="128" count="5" type="stmt"/>
        <line num="129" count="5" type="stmt"/>
        <line num="131" count="5" type="stmt"/>
        <line num="141" count="5" type="cond" truecount="2" falsecount="0"/>
        <line num="142" count="2" type="stmt"/>
        <line num="145" count="5" type="stmt"/>
        <line num="152" count="4" type="stmt"/>
        <line num="154" count="1" type="stmt"/>
        <line num="161" count="5" type="stmt"/>
        <line num="162" count="8" type="stmt"/>
        <line num="163" count="8" type="stmt"/>
        <line num="165" count="8" type="cond" truecount="1" falsecount="1"/>
        <line num="166" count="0" type="stmt"/>
        <line num="169" count="8" type="stmt"/>
        <line num="176" count="7" type="cond" truecount="2" falsecount="0"/>
        <line num="177" count="2" type="stmt"/>
        <line num="180" count="5" type="cond" truecount="2" falsecount="0"/>
        <line num="181" count="2" type="stmt"/>
        <line num="184" count="3" type="cond" truecount="4" falsecount="0"/>
        <line num="185" count="1" type="stmt"/>
        <line num="186" count="1" type="stmt"/>
        <line num="193" count="0" type="stmt"/>
        <line num="197" count="3" type="stmt"/>
        <line num="204" count="3" type="stmt"/>
        <line num="206" count="1" type="stmt"/>
        <line num="210" count="5" type="stmt"/>
      </file>
      <file name="uploadController.js" path="/home/deep/coding/tekkzy/backend/controllers/uploadController.js">
        <metrics statements="24" coveredstatements="23" conditionals="15" coveredconditionals="11" methods="1" coveredmethods="1"/>
        <line num="1" count="5" type="stmt"/>
        <line num="2" count="5" type="stmt"/>
        <line num="3" count="5" type="stmt"/>
        <line num="4" count="5" type="stmt"/>
        <line num="7" count="5" type="cond" truecount="1" falsecount="2"/>
        <line num="11" count="5" type="stmt"/>
        <line num="12" count="5" type="stmt"/>
        <line num="17" count="5" type="stmt"/>
        <line num="18" count="11" type="stmt"/>
        <line num="19" count="11" type="stmt"/>
        <line num="21" count="11" type="cond" truecount="1" falsecount="1"/>
        <line num="22" count="0" type="stmt"/>
        <line num="25" count="11" type="cond" truecount="4" falsecount="0"/>
        <line num="26" count="4" type="stmt"/>
        <line num="31" count="7" type="cond" truecount="2" falsecount="0"/>
        <line num="32" count="2" type="stmt"/>
        <line num="35" count="5" type="cond" truecount="2" falsecount="0"/>
        <line num="36" count="5" type="cond" truecount="1" falsecount="1"/>
        <line num="37" count="5" type="stmt"/>
        <line num="39" count="5" type="stmt"/>
        <line num="45" count="5" type="stmt"/>
        <line num="47" count="3" type="stmt"/>
        <line num="54" count="2" type="stmt"/>
        <line num="58" count="5" type="stmt"/>
      </file>
    </package>
    <package name="backend.middleware">
      <metrics statements="20" coveredstatements="20" conditionals="10" coveredconditionals="10" methods="2" coveredmethods="2"/>
      <file name="authMiddleware.js" path="/home/deep/coding/tekkzy/backend/middleware/authMiddleware.js">
        <metrics statements="20" coveredstatements="20" conditionals="10" coveredconditionals="10" methods="2" coveredmethods="2"/>
        <line num="1" count="5" type="stmt"/>
        <line num="2" count="5" type="stmt"/>
        <line num="3" count="5" type="stmt"/>
        <line num="5" count="5" type="stmt"/>
        <line num="8" count="5" type="stmt"/>
        <line num="10" count="17" type="cond" truecount="2" falsecount="0"/>
        <line num="11" count="4" type="stmt"/>
        <line num="17" count="17" type="stmt"/>
        <line num="20" count="5" type="stmt"/>
        <line num="23" count="24" type="cond" truecount="4" falsecount="0"/>
        <line num="24" count="17" type="stmt"/>
        <line num="25" count="17" type="stmt"/>
        <line num="28" count="17" type="stmt"/>
        <line num="31" count="15" type="stmt"/>
        <line num="37" count="15" type="stmt"/>
        <line num="39" count="2" type="stmt"/>
        <line num="40" count="2" type="stmt"/>
        <line num="44" count="24" type="cond" truecount="2" falsecount="0"/>
        <line num="45" count="7" type="stmt"/>
        <line num="49" count="5" type="stmt"/>
      </file>
    </package>
    <package name="backend.routes">
      <metrics statements="25" coveredstatements="25" conditionals="0" coveredconditionals="0" methods="0" coveredmethods="0"/>
      <file name="authRoutes.js" path="/home/deep/coding/tekkzy/backend/routes/authRoutes.js">
        <metrics statements="10" coveredstatements="10" conditionals="0" coveredconditionals="0" methods="0" coveredmethods="0"/>
        <line num="1" count="4" type="stmt"/>
        <line num="2" count="4" type="stmt"/>
        <line num="3" count="4" type="stmt"/>
        <line num="4" count="4" type="stmt"/>
        <line num="6" count="4" type="stmt"/>
        <line num="7" count="4" type="stmt"/>
        <line num="8" count="4" type="stmt"/>
        <line num="9" count="4" type="stmt"/>
        <line num="10" count="4" type="stmt"/>
        <line num="12" count="4" type="stmt"/>
      </file>
      <file name="contactRoutes.js" path="/home/deep/coding/tekkzy/backend/routes/contactRoutes.js">
        <metrics statements="9" coveredstatements="9" conditionals="0" coveredconditionals="0" methods="0" coveredmethods="0"/>
        <line num="1" count="4" type="stmt"/>
        <line num="2" count="4" type="stmt"/>
        <line num="8" count="4" type="stmt"/>
        <line num="9" count="4" type="stmt"/>
        <line num="11" count="4" type="stmt"/>
        <line num="12" count="4" type="stmt"/>
        <line num="13" count="4" type="stmt"/>
        <line num="14" count="4" type="stmt"/>
        <line num="16" count="4" type="stmt"/>
      </file>
      <file name="uploadRoutes.js" path="/home/deep/coding/tekkzy/backend/routes/uploadRoutes.js">
        <metrics statements="6" coveredstatements="6" conditionals="0" coveredconditionals="0" methods="0" coveredmethods="0"/>
        <line num="1" count="4" type="stmt"/>
        <line num="2" count="4" type="stmt"/>
        <line num="3" count="4" type="stmt"/>
        <line num="4" count="4" type="stmt"/>
        <line num="6" count="4" type="stmt"/>
        <line num="8" count="4" type="stmt"/>
      </file>
    </package>
  </project>
</coverage>
