{"/home/deep/coding/tekkzy/backend/index.js": {"path":"/home/deep/coding/tekkzy/backend/index.js","statementMap":{"0":{"start":{"line":1,"column":0},"end":{"line":1,"column":27}},"1":{"start":{"line":2,"column":16},"end":{"line":2,"column":34}},"2":{"start":{"line":3,"column":13},"end":{"line":3,"column":28}},"3":{"start":{"line":5,"column":12},"end":{"line":5,"column":21}},"4":{"start":{"line":7,"column":0},"end":{"line":7,"column":16}},"5":{"start":{"line":8,"column":0},"end":{"line":8,"column":24}},"6":{"start":{"line":9,"column":0},"end":{"line":9,"column":49}},"7":{"start":{"line":12,"column":0},"end":{"line":21,"column":3}},"8":{"start":{"line":13,"column":4},"end":{"line":20,"column":7}},"9":{"start":{"line":24,"column":0},"end":{"line":24,"column":53}},"10":{"start":{"line":25,"column":0},"end":{"line":25,"column":60}},"11":{"start":{"line":26,"column":0},"end":{"line":26,"column":58}},"12":{"start":{"line":29,"column":0},"end":{"line":36,"column":3}},"13":{"start":{"line":30,"column":23},"end":{"line":30,"column":60}},"14":{"start":{"line":31,"column":4},"end":{"line":31,"column":27}},"15":{"start":{"line":32,"column":4},"end":{"line":35,"column":7}},"16":{"start":{"line":39,"column":0},"end":{"line":44,"column":1}},"17":{"start":{"line":40,"column":17},"end":{"line":40,"column":41}},"18":{"start":{"line":41,"column":4},"end":{"line":43,"column":7}},"19":{"start":{"line":42,"column":8},"end":{"line":42,"column":71}},"20":{"start":{"line":47,"column":0},"end":{"line":47,"column":21}}},"fnMap":{"0":{"name":"(anonymous_0)","decl":{"start":{"line":12,"column":13},"end":{"line":12,"column":14}},"loc":{"start":{"line":12,"column":27},"end":{"line":21,"column":1}},"line":12},"1":{"name":"(anonymous_1)","decl":{"start":{"line":29,"column":8},"end":{"line":29,"column":9}},"loc":{"start":{"line":29,"column":33},"end":{"line":36,"column":1}},"line":29},"2":{"name":"(anonymous_2)","decl":{"start":{"line":41,"column":21},"end":{"line":41,"column":22}},"loc":{"start":{"line":41,"column":27},"end":{"line":43,"column":5}},"line":41}},"branchMap":{"0":{"loc":{"start":{"line":30,"column":23},"end":{"line":30,"column":60}},"type":"cond-expr","locations":[{"start":{"line":30,"column":40},"end":{"line":30,"column":54}},{"start":{"line":30,"column":57},"end":{"line":30,"column":60}}],"line":30},"1":{"loc":{"start":{"line":34,"column":15},"end":{"line":34,"column":71}},"type":"cond-expr","locations":[{"start":{"line":34,"column":55},"end":{"line":34,"column":59}},{"start":{"line":34,"column":62},"end":{"line":34,"column":71}}],"line":34},"2":{"loc":{"start":{"line":39,"column":0},"end":{"line":44,"column":1}},"type":"if","locations":[{"start":{"line":39,"column":0},"end":{"line":44,"column":1}},{"start":{},"end":{}}],"line":39},"3":{"loc":{"start":{"line":40,"column":17},"end":{"line":40,"column":41}},"type":"binary-expr","locations":[{"start":{"line":40,"column":17},"end":{"line":40,"column":33}},{"start":{"line":40,"column":37},"end":{"line":40,"column":41}}],"line":40}},"s":{"0":4,"1":4,"2":4,"3":4,"4":4,"5":4,"6":4,"7":4,"8":1,"9":4,"10":4,"11":4,"12":4,"13":0,"14":0,"15":0,"16":4,"17":0,"18":0,"19":0,"20":4},"f":{"0":1,"1":0,"2":0},"b":{"0":[0,0],"1":[0,0],"2":[0,4],"3":[0,0]},"_coverageSchema":"1a1c01bbd47fc00a2c39e90264f33305004495a9","hash":"962f12b455fc581619e19a8cab27e191adf0c536"}
,"/home/deep/coding/tekkzy/backend/__tests__/fixtures/mockData.js": {"path":"/home/deep/coding/tekkzy/backend/__tests__/fixtures/mockData.js","statementMap":{"0":{"start":{"line":1,"column":17},"end":{"line":5,"column":1}},"1":{"start":{"line":7,"column":19},"end":{"line":11,"column":1}},"2":{"start":{"line":13,"column":34},"end":{"line":17,"column":1}},"3":{"start":{"line":19,"column":20},"end":{"line":27,"column":1}},"4":{"start":{"line":29,"column":29},"end":{"line":33,"column":1}},"5":{"start":{"line":35,"column":21},"end":{"line":47,"column":1}},"6":{"start":{"line":49,"column":25},"end":{"line":49,"column":106}},"7":{"start":{"line":51,"column":23},"end":{"line":57,"column":1}},"8":{"start":{"line":59,"column":0},"end":{"line":68,"column":2}}},"fnMap":{},"branchMap":{},"s":{"0":8,"1":8,"2":8,"3":8,"4":8,"5":8,"6":8,"7":8,"8":8},"f":{},"b":{},"_coverageSchema":"1a1c01bbd47fc00a2c39e90264f33305004495a9","hash":"02bde3c0c9a5491a05fbd4b404d9abc66b998dce"}
,"/home/deep/coding/tekkzy/backend/__tests__/mocks/awsMocks.js": {"path":"/home/deep/coding/tekkzy/backend/__tests__/mocks/awsMocks.js","statementMap":{"0":{"start":{"line":8,"column":45},"end":{"line":8,"column":76}},"1":{"start":{"line":11,"column":26},"end":{"line":11,"column":35}},"2":{"start":{"line":12,"column":22},"end":{"line":12,"column":49}},"3":{"start":{"line":15,"column":24},"end":{"line":15,"column":33}},"4":{"start":{"line":16,"column":42},"end":{"line":18,"column":3}},"5":{"start":{"line":16,"column":57},"end":{"line":18,"column":1}},"6":{"start":{"line":21,"column":19},"end":{"line":21,"column":28}},"7":{"start":{"line":22,"column":21},"end":{"line":24,"column":3}},"8":{"start":{"line":22,"column":36},"end":{"line":24,"column":1}},"9":{"start":{"line":27,"column":25},"end":{"line":27,"column":70}},"10":{"start":{"line":30,"column":19},"end":{"line":30,"column":62}},"11":{"start":{"line":31,"column":31},"end":{"line":35,"column":1}},"12":{"start":{"line":32,"column":25},"end":{"line":34,"column":3}},"13":{"start":{"line":38,"column":18},"end":{"line":38,"column":36}},"14":{"start":{"line":39,"column":19},"end":{"line":39,"column":43}},"15":{"start":{"line":39,"column":33},"end":{"line":39,"column":42}},"16":{"start":{"line":41,"column":0},"end":{"line":59,"column":2}}},"fnMap":{"0":{"name":"(anonymous_0)","decl":{"start":{"line":16,"column":50},"end":{"line":16,"column":51}},"loc":{"start":{"line":16,"column":57},"end":{"line":18,"column":1}},"line":16},"1":{"name":"(anonymous_1)","decl":{"start":{"line":22,"column":29},"end":{"line":22,"column":30}},"loc":{"start":{"line":22,"column":36},"end":{"line":24,"column":1}},"line":22},"2":{"name":"(anonymous_2)","decl":{"start":{"line":32,"column":18},"end":{"line":32,"column":19}},"loc":{"start":{"line":32,"column":25},"end":{"line":34,"column":3}},"line":32},"3":{"name":"(anonymous_3)","decl":{"start":{"line":39,"column":27},"end":{"line":39,"column":28}},"loc":{"start":{"line":39,"column":33},"end":{"line":39,"column":42}},"line":39}},"branchMap":{},"s":{"0":8,"1":8,"2":8,"3":8,"4":8,"5":5,"6":8,"7":8,"8":8,"9":8,"10":8,"11":8,"12":4,"13":8,"14":8,"15":10,"16":8},"f":{"0":5,"1":8,"2":4,"3":10},"b":{},"_coverageSchema":"1a1c01bbd47fc00a2c39e90264f33305004495a9","hash":"8cb1d9b05361dec5b6bde9f40322a1b81dd88aa7"}
,"/home/deep/coding/tekkzy/backend/controllers/authController.js": {"path":"/home/deep/coding/tekkzy/backend/controllers/authController.js","statementMap":{"0":{"start":{"line":8,"column":4},"end":{"line":8,"column":56}},"1":{"start":{"line":9,"column":37},"end":{"line":9,"column":69}},"2":{"start":{"line":10,"column":22},"end":{"line":10,"column":49}},"3":{"start":{"line":12,"column":20},"end":{"line":12,"column":52}},"4":{"start":{"line":13,"column":26},"end":{"line":13,"column":81}},"5":{"start":{"line":15,"column":22},"end":{"line":17,"column":2}},"6":{"start":{"line":19,"column":18},"end":{"line":19,"column":47}},"7":{"start":{"line":21,"column":21},"end":{"line":59,"column":1}},"8":{"start":{"line":22,"column":4},"end":{"line":58,"column":5}},"9":{"start":{"line":23,"column":42},"end":{"line":23,"column":50}},"10":{"start":{"line":25,"column":8},"end":{"line":27,"column":9}},"11":{"start":{"line":26,"column":12},"end":{"line":26,"column":78}},"12":{"start":{"line":29,"column":32},"end":{"line":29,"column":51}},"13":{"start":{"line":31,"column":24},"end":{"line":39,"column":10}},"14":{"start":{"line":41,"column":23},"end":{"line":41,"column":56}},"15":{"start":{"line":43,"column":8},"end":{"line":48,"column":11}},"16":{"start":{"line":50,"column":8},"end":{"line":50,"column":52}},"17":{"start":{"line":51,"column":8},"end":{"line":53,"column":9}},"18":{"start":{"line":52,"column":12},"end":{"line":52,"column":76}},"19":{"start":{"line":54,"column":8},"end":{"line":56,"column":9}},"20":{"start":{"line":55,"column":12},"end":{"line":55,"column":68}},"21":{"start":{"line":57,"column":8},"end":{"line":57,"column":57}},"22":{"start":{"line":61,"column":20},"end":{"line":90,"column":1}},"23":{"start":{"line":62,"column":4},"end":{"line":89,"column":5}},"24":{"start":{"line":63,"column":32},"end":{"line":63,"column":40}},"25":{"start":{"line":65,"column":8},"end":{"line":67,"column":9}},"26":{"start":{"line":66,"column":12},"end":{"line":66,"column":97}},"27":{"start":{"line":69,"column":32},"end":{"line":69,"column":51}},"28":{"start":{"line":71,"column":24},"end":{"line":75,"column":10}},"29":{"start":{"line":77,"column":8},"end":{"line":77,"column":42}},"30":{"start":{"line":79,"column":8},"end":{"line":79,"column":94}},"31":{"start":{"line":81,"column":8},"end":{"line":81,"column":52}},"32":{"start":{"line":82,"column":8},"end":{"line":84,"column":9}},"33":{"start":{"line":83,"column":12},"end":{"line":83,"column":82}},"34":{"start":{"line":85,"column":8},"end":{"line":87,"column":9}},"35":{"start":{"line":86,"column":12},"end":{"line":86,"column":113}},"36":{"start":{"line":88,"column":8},"end":{"line":88,"column":57}},"37":{"start":{"line":92,"column":19},"end":{"line":114,"column":1}},"38":{"start":{"line":93,"column":4},"end":{"line":113,"column":5}},"39":{"start":{"line":94,"column":26},"end":{"line":94,"column":34}},"40":{"start":{"line":96,"column":8},"end":{"line":98,"column":9}},"41":{"start":{"line":97,"column":12},"end":{"line":97,"column":74}},"42":{"start":{"line":100,"column":32},"end":{"line":100,"column":51}},"43":{"start":{"line":102,"column":24},"end":{"line":105,"column":10}},"44":{"start":{"line":107,"column":8},"end":{"line":107,"column":42}},"45":{"start":{"line":109,"column":8},"end":{"line":109,"column":96}},"46":{"start":{"line":111,"column":8},"end":{"line":111,"column":51}},"47":{"start":{"line":112,"column":8},"end":{"line":112,"column":57}},"48":{"start":{"line":116,"column":18},"end":{"line":191,"column":1}},"49":{"start":{"line":117,"column":4},"end":{"line":190,"column":5}},"50":{"start":{"line":118,"column":36},"end":{"line":118,"column":44}},"51":{"start":{"line":120,"column":8},"end":{"line":122,"column":9}},"52":{"start":{"line":121,"column":12},"end":{"line":121,"column":90}},"53":{"start":{"line":124,"column":32},"end":{"line":124,"column":51}},"54":{"start":{"line":126,"column":24},"end":{"line":133,"column":10}},"55":{"start":{"line":135,"column":23},"end":{"line":135,"column":56}},"56":{"start":{"line":136,"column":55},"end":{"line":136,"column":82}},"57":{"start":{"line":139,"column":31},"end":{"line":141,"column":10}},"58":{"start":{"line":142,"column":28},"end":{"line":142,"column":68}},"59":{"start":{"line":143,"column":27},"end":{"line":143,"column":29}},"60":{"start":{"line":144,"column":8},"end":{"line":146,"column":11}},"61":{"start":{"line":145,"column":12},"end":{"line":145,"column":47}},"62":{"start":{"line":149,"column":24},"end":{"line":149,"column":38}},"63":{"start":{"line":150,"column":8},"end":{"line":168,"column":9}},"64":{"start":{"line":151,"column":12},"end":{"line":162,"column":14}},"65":{"start":{"line":165,"column":12},"end":{"line":167,"column":13}},"66":{"start":{"line":166,"column":16},"end":{"line":166,"column":73}},"67":{"start":{"line":170,"column":8},"end":{"line":177,"column":11}},"68":{"start":{"line":179,"column":8},"end":{"line":179,"column":45}},"69":{"start":{"line":180,"column":8},"end":{"line":182,"column":9}},"70":{"start":{"line":181,"column":12},"end":{"line":181,"column":76}},"71":{"start":{"line":183,"column":8},"end":{"line":188,"column":9}},"72":{"start":{"line":184,"column":12},"end":{"line":187,"column":15}},"73":{"start":{"line":189,"column":8},"end":{"line":189,"column":57}},"74":{"start":{"line":193,"column":14},"end":{"line":195,"column":1}},"75":{"start":{"line":194,"column":4},"end":{"line":194,"column":35}},"76":{"start":{"line":197,"column":0},"end":{"line":203,"column":2}}},"fnMap":{"0":{"name":"(anonymous_0)","decl":{"start":{"line":21,"column":21},"end":{"line":21,"column":22}},"loc":{"start":{"line":21,"column":41},"end":{"line":59,"column":1}},"line":21},"1":{"name":"(anonymous_1)","decl":{"start":{"line":61,"column":20},"end":{"line":61,"column":21}},"loc":{"start":{"line":61,"column":40},"end":{"line":90,"column":1}},"line":61},"2":{"name":"(anonymous_2)","decl":{"start":{"line":92,"column":19},"end":{"line":92,"column":20}},"loc":{"start":{"line":92,"column":39},"end":{"line":114,"column":1}},"line":92},"3":{"name":"(anonymous_3)","decl":{"start":{"line":116,"column":18},"end":{"line":116,"column":19}},"loc":{"start":{"line":116,"column":38},"end":{"line":191,"column":1}},"line":116},"4":{"name":"(anonymous_4)","decl":{"start":{"line":144,"column":43},"end":{"line":144,"column":44}},"loc":{"start":{"line":144,"column":53},"end":{"line":146,"column":9}},"line":144},"5":{"name":"(anonymous_5)","decl":{"start":{"line":193,"column":14},"end":{"line":193,"column":15}},"loc":{"start":{"line":193,"column":34},"end":{"line":195,"column":1}},"line":193}},"branchMap":{"0":{"loc":{"start":{"line":13,"column":26},"end":{"line":13,"column":81}},"type":"binary-expr","locations":[{"start":{"line":13,"column":26},"end":{"line":13,"column":64}},{"start":{"line":13,"column":68},"end":{"line":13,"column":81}}],"line":13},"1":{"loc":{"start":{"line":16,"column":12},"end":{"line":16,"column":79}},"type":"binary-expr","locations":[{"start":{"line":16,"column":12},"end":{"line":16,"column":38}},{"start":{"line":16,"column":42},"end":{"line":16,"column":64}},{"start":{"line":16,"column":68},"end":{"line":16,"column":79}}],"line":16},"2":{"loc":{"start":{"line":25,"column":8},"end":{"line":27,"column":9}},"type":"if","locations":[{"start":{"line":25,"column":8},"end":{"line":27,"column":9}},{"start":{},"end":{}}],"line":25},"3":{"loc":{"start":{"line":25,"column":12},"end":{"line":25,"column":40}},"type":"binary-expr","locations":[{"start":{"line":25,"column":12},"end":{"line":25,"column":17}},{"start":{"line":25,"column":21},"end":{"line":25,"column":27}},{"start":{"line":25,"column":31},"end":{"line":25,"column":40}}],"line":25},"4":{"loc":{"start":{"line":51,"column":8},"end":{"line":53,"column":9}},"type":"if","locations":[{"start":{"line":51,"column":8},"end":{"line":53,"column":9}},{"start":{},"end":{}}],"line":51},"5":{"loc":{"start":{"line":54,"column":8},"end":{"line":56,"column":9}},"type":"if","locations":[{"start":{"line":54,"column":8},"end":{"line":56,"column":9}},{"start":{},"end":{}}],"line":54},"6":{"loc":{"start":{"line":65,"column":8},"end":{"line":67,"column":9}},"type":"if","locations":[{"start":{"line":65,"column":8},"end":{"line":67,"column":9}},{"start":{},"end":{}}],"line":65},"7":{"loc":{"start":{"line":65,"column":12},"end":{"line":65,"column":27}},"type":"binary-expr","locations":[{"start":{"line":65,"column":12},"end":{"line":65,"column":18}},{"start":{"line":65,"column":22},"end":{"line":65,"column":27}}],"line":65},"8":{"loc":{"start":{"line":82,"column":8},"end":{"line":84,"column":9}},"type":"if","locations":[{"start":{"line":82,"column":8},"end":{"line":84,"column":9}},{"start":{},"end":{}}],"line":82},"9":{"loc":{"start":{"line":85,"column":8},"end":{"line":87,"column":9}},"type":"if","locations":[{"start":{"line":85,"column":8},"end":{"line":87,"column":9}},{"start":{},"end":{}}],"line":85},"10":{"loc":{"start":{"line":96,"column":8},"end":{"line":98,"column":9}},"type":"if","locations":[{"start":{"line":96,"column":8},"end":{"line":98,"column":9}},{"start":{},"end":{}}],"line":96},"11":{"loc":{"start":{"line":120,"column":8},"end":{"line":122,"column":9}},"type":"if","locations":[{"start":{"line":120,"column":8},"end":{"line":122,"column":9}},{"start":{},"end":{}}],"line":120},"12":{"loc":{"start":{"line":120,"column":12},"end":{"line":120,"column":31}},"type":"binary-expr","locations":[{"start":{"line":120,"column":12},"end":{"line":120,"column":18}},{"start":{"line":120,"column":22},"end":{"line":120,"column":31}}],"line":120},"13":{"loc":{"start":{"line":156,"column":30},"end":{"line":156,"column":51}},"type":"binary-expr","locations":[{"start":{"line":156,"column":30},"end":{"line":156,"column":45}},{"start":{"line":156,"column":49},"end":{"line":156,"column":51}}],"line":156},"14":{"loc":{"start":{"line":165,"column":12},"end":{"line":167,"column":13}},"type":"if","locations":[{"start":{"line":165,"column":12},"end":{"line":167,"column":13}},{"start":{},"end":{}}],"line":165},"15":{"loc":{"start":{"line":172,"column":18},"end":{"line":172,"column":39}},"type":"binary-expr","locations":[{"start":{"line":172,"column":18},"end":{"line":172,"column":33}},{"start":{"line":172,"column":37},"end":{"line":172,"column":39}}],"line":172},"16":{"loc":{"start":{"line":180,"column":8},"end":{"line":182,"column":9}},"type":"if","locations":[{"start":{"line":180,"column":8},"end":{"line":182,"column":9}},{"start":{},"end":{}}],"line":180},"17":{"loc":{"start":{"line":183,"column":8},"end":{"line":188,"column":9}},"type":"if","locations":[{"start":{"line":183,"column":8},"end":{"line":188,"column":9}},{"start":{},"end":{}}],"line":183}},"s":{"0":5,"1":5,"2":5,"3":5,"4":5,"5":5,"6":5,"7":5,"8":8,"9":8,"10":8,"11":2,"12":6,"13":6,"14":6,"15":2,"16":4,"17":4,"18":2,"19":2,"20":1,"21":1,"22":5,"23":8,"24":8,"25":8,"26":2,"27":6,"28":6,"29":6,"30":2,"31":4,"32":4,"33":2,"34":2,"35":1,"36":1,"37":5,"38":5,"39":5,"40":5,"41":2,"42":3,"43":3,"44":3,"45":2,"46":1,"47":1,"48":5,"49":10,"50":10,"51":10,"52":2,"53":8,"54":8,"55":8,"56":3,"57":3,"58":3,"59":3,"60":3,"61":9,"62":3,"63":3,"64":3,"65":1,"66":0,"67":3,"68":5,"69":5,"70":2,"71":3,"72":2,"73":1,"74":5,"75":2,"76":5},"f":{"0":8,"1":8,"2":5,"3":10,"4":9,"5":2},"b":{"0":[5,0],"1":[5,0,0],"2":[2,6],"3":[8,6,6],"4":[2,2],"5":[1,1],"6":[2,6],"7":[8,8],"8":[2,2],"9":[1,1],"10":[2,3],"11":[2,8],"12":[10,10],"13":[3,0],"14":[0,1],"15":[3,0],"16":[2,3],"17":[2,1]},"_coverageSchema":"1a1c01bbd47fc00a2c39e90264f33305004495a9","hash":"c02d205c9089f52a446e3e79d78eb8b9cb8a460b"}
,"/home/deep/coding/tekkzy/backend/controllers/contactController.js": {"path":"/home/deep/coding/tekkzy/backend/controllers/contactController.js","statementMap":{"0":{"start":{"line":1,"column":23},"end":{"line":1,"column":38}},"1":{"start":{"line":2,"column":78},"end":{"line":2,"column":110}},"2":{"start":{"line":3,"column":22},"end":{"line":3,"column":49}},"3":{"start":{"line":4,"column":60},"end":{"line":4,"column":89}},"4":{"start":{"line":5,"column":25},"end":{"line":5,"column":65}},"5":{"start":{"line":7,"column":23},"end":{"line":7,"column":58}},"6":{"start":{"line":8,"column":15},"end":{"line":8,"column":36}},"7":{"start":{"line":10,"column":4},"end":{"line":12,"column":15}},"8":{"start":{"line":13,"column":11},"end":{"line":13,"column":35}},"9":{"start":{"line":15,"column":22},"end":{"line":64,"column":1}},"10":{"start":{"line":17,"column":22},"end":{"line":17,"column":35}},"11":{"start":{"line":18,"column":4},"end":{"line":25,"column":5}},"12":{"start":{"line":19,"column":32},"end":{"line":19,"column":56}},"13":{"start":{"line":20,"column":8},"end":{"line":24,"column":9}},"14":{"start":{"line":21,"column":12},"end":{"line":21,"column":66}},"15":{"start":{"line":23,"column":12},"end":{"line":23,"column":66}},"16":{"start":{"line":28,"column":16},"end":{"line":28,"column":26}},"17":{"start":{"line":29,"column":26},"end":{"line":29,"column":80}},"18":{"start":{"line":32,"column":4},"end":{"line":40,"column":5}},"19":{"start":{"line":33,"column":8},"end":{"line":33,"column":31}},"20":{"start":{"line":34,"column":11},"end":{"line":40,"column":5}},"21":{"start":{"line":35,"column":8},"end":{"line":35,"column":62}},"22":{"start":{"line":36,"column":11},"end":{"line":40,"column":5}},"23":{"start":{"line":37,"column":8},"end":{"line":37,"column":64}},"24":{"start":{"line":39,"column":8},"end":{"line":39,"column":65}},"25":{"start":{"line":42,"column":19},"end":{"line":42,"column":23}},"26":{"start":{"line":43,"column":4},"end":{"line":53,"column":5}},"27":{"start":{"line":44,"column":8},"end":{"line":52,"column":9}},"28":{"start":{"line":45,"column":28},"end":{"line":48,"column":14}},"29":{"start":{"line":49,"column":12},"end":{"line":49,"column":75}},"30":{"start":{"line":51,"column":12},"end":{"line":51,"column":59}},"31":{"start":{"line":55,"column":4},"end":{"line":63,"column":6}},"32":{"start":{"line":69,"column":20},"end":{"line":88,"column":1}},"33":{"start":{"line":70,"column":4},"end":{"line":87,"column":5}},"34":{"start":{"line":72,"column":23},"end":{"line":76,"column":9}},"35":{"start":{"line":78,"column":25},"end":{"line":80,"column":9}},"36":{"start":{"line":79,"column":22},"end":{"line":79,"column":67}},"37":{"start":{"line":82,"column":34},"end":{"line":82,"column":80}},"38":{"start":{"line":84,"column":8},"end":{"line":84,"column":48}},"39":{"start":{"line":86,"column":8},"end":{"line":86,"column":57}},"40":{"start":{"line":93,"column":24},"end":{"line":115,"column":1}},"41":{"start":{"line":94,"column":4},"end":{"line":114,"column":5}},"42":{"start":{"line":95,"column":23},"end":{"line":103,"column":9}},"43":{"start":{"line":105,"column":25},"end":{"line":107,"column":9}},"44":{"start":{"line":106,"column":22},"end":{"line":106,"column":67}},"45":{"start":{"line":109,"column":34},"end":{"line":109,"column":80}},"46":{"start":{"line":111,"column":8},"end":{"line":111,"column":48}},"47":{"start":{"line":113,"column":8},"end":{"line":113,"column":57}},"48":{"start":{"line":120,"column":22},"end":{"line":156,"column":1}},"49":{"start":{"line":121,"column":4},"end":{"line":155,"column":5}},"50":{"start":{"line":122,"column":60},"end":{"line":122,"column":68}},"51":{"start":{"line":124,"column":8},"end":{"line":126,"column":9}},"52":{"start":{"line":125,"column":12},"end":{"line":125,"column":87}},"53":{"start":{"line":128,"column":26},"end":{"line":128,"column":34}},"54":{"start":{"line":129,"column":26},"end":{"line":129,"column":50}},"55":{"start":{"line":131,"column":28},"end":{"line":139,"column":9}},"56":{"start":{"line":141,"column":8},"end":{"line":143,"column":9}},"57":{"start":{"line":142,"column":12},"end":{"line":142,"column":44}},"58":{"start":{"line":145,"column":8},"end":{"line":150,"column":10}},"59":{"start":{"line":152,"column":8},"end":{"line":152,"column":42}},"60":{"start":{"line":154,"column":8},"end":{"line":154,"column":57}},"61":{"start":{"line":161,"column":22},"end":{"line":208,"column":1}},"62":{"start":{"line":162,"column":4},"end":{"line":207,"column":5}},"63":{"start":{"line":163,"column":23},"end":{"line":163,"column":33}},"64":{"start":{"line":165,"column":8},"end":{"line":167,"column":9}},"65":{"start":{"line":166,"column":12},"end":{"line":166,"column":79}},"66":{"start":{"line":169,"column":25},"end":{"line":174,"column":9}},"67":{"start":{"line":176,"column":8},"end":{"line":178,"column":9}},"68":{"start":{"line":177,"column":12},"end":{"line":177,"column":74}},"69":{"start":{"line":180,"column":8},"end":{"line":182,"column":9}},"70":{"start":{"line":181,"column":12},"end":{"line":181,"column":94}},"71":{"start":{"line":184,"column":8},"end":{"line":195,"column":9}},"72":{"start":{"line":185,"column":12},"end":{"line":194,"column":13}},"73":{"start":{"line":186,"column":16},"end":{"line":191,"column":18}},"74":{"start":{"line":193,"column":16},"end":{"line":193,"column":69}},"75":{"start":{"line":197,"column":8},"end":{"line":202,"column":10}},"76":{"start":{"line":204,"column":8},"end":{"line":204,"column":61}},"77":{"start":{"line":206,"column":8},"end":{"line":206,"column":57}},"78":{"start":{"line":213,"column":22},"end":{"line":277,"column":1}},"79":{"start":{"line":214,"column":4},"end":{"line":276,"column":5}},"80":{"start":{"line":215,"column":23},"end":{"line":215,"column":33}},"81":{"start":{"line":217,"column":8},"end":{"line":219,"column":9}},"82":{"start":{"line":218,"column":12},"end":{"line":218,"column":79}},"83":{"start":{"line":221,"column":25},"end":{"line":226,"column":9}},"84":{"start":{"line":228,"column":8},"end":{"line":230,"column":9}},"85":{"start":{"line":229,"column":12},"end":{"line":229,"column":74}},"86":{"start":{"line":232,"column":8},"end":{"line":234,"column":9}},"87":{"start":{"line":233,"column":12},"end":{"line":233,"column":94}},"88":{"start":{"line":236,"column":37},"end":{"line":236,"column":45}},"89":{"start":{"line":238,"column":8},"end":{"line":240,"column":9}},"90":{"start":{"line":239,"column":12},"end":{"line":239,"column":100}},"91":{"start":{"line":242,"column":34},"end":{"line":242,"column":36}},"92":{"start":{"line":243,"column":41},"end":{"line":243,"column":43}},"93":{"start":{"line":244,"column":42},"end":{"line":244,"column":44}},"94":{"start":{"line":246,"column":8},"end":{"line":250,"column":9}},"95":{"start":{"line":247,"column":12},"end":{"line":247,"column":50}},"96":{"start":{"line":248,"column":12},"end":{"line":248,"column":57}},"97":{"start":{"line":249,"column":12},"end":{"line":249,"column":56}},"98":{"start":{"line":252,"column":8},"end":{"line":256,"column":9}},"99":{"start":{"line":253,"column":12},"end":{"line":253,"column":50}},"100":{"start":{"line":254,"column":12},"end":{"line":254,"column":57}},"101":{"start":{"line":255,"column":12},"end":{"line":255,"column":56}},"102":{"start":{"line":258,"column":8},"end":{"line":258,"column":44}},"103":{"start":{"line":259,"column":8},"end":{"line":259,"column":54}},"104":{"start":{"line":260,"column":8},"end":{"line":260,"column":68}},"105":{"start":{"line":262,"column":23},"end":{"line":271,"column":9}},"106":{"start":{"line":273,"column":8},"end":{"line":273,"column":48}},"107":{"start":{"line":275,"column":8},"end":{"line":275,"column":57}},"108":{"start":{"line":279,"column":0},"end":{"line":285,"column":2}}},"fnMap":{"0":{"name":"(anonymous_0)","decl":{"start":{"line":15,"column":22},"end":{"line":15,"column":23}},"loc":{"start":{"line":15,"column":41},"end":{"line":64,"column":1}},"line":15},"1":{"name":"(anonymous_1)","decl":{"start":{"line":69,"column":20},"end":{"line":69,"column":21}},"loc":{"start":{"line":69,"column":40},"end":{"line":88,"column":1}},"line":69},"2":{"name":"(anonymous_2)","decl":{"start":{"line":79,"column":12},"end":{"line":79,"column":13}},"loc":{"start":{"line":79,"column":22},"end":{"line":79,"column":67}},"line":79},"3":{"name":"(anonymous_3)","decl":{"start":{"line":93,"column":24},"end":{"line":93,"column":25}},"loc":{"start":{"line":93,"column":44},"end":{"line":115,"column":1}},"line":93},"4":{"name":"(anonymous_4)","decl":{"start":{"line":106,"column":12},"end":{"line":106,"column":13}},"loc":{"start":{"line":106,"column":22},"end":{"line":106,"column":67}},"line":106},"5":{"name":"(anonymous_5)","decl":{"start":{"line":120,"column":22},"end":{"line":120,"column":23}},"loc":{"start":{"line":120,"column":42},"end":{"line":156,"column":1}},"line":120},"6":{"name":"(anonymous_6)","decl":{"start":{"line":161,"column":22},"end":{"line":161,"column":23}},"loc":{"start":{"line":161,"column":42},"end":{"line":208,"column":1}},"line":161},"7":{"name":"(anonymous_7)","decl":{"start":{"line":213,"column":22},"end":{"line":213,"column":23}},"loc":{"start":{"line":213,"column":42},"end":{"line":277,"column":1}},"line":213}},"branchMap":{"0":{"loc":{"start":{"line":10,"column":4},"end":{"line":12,"column":15}},"type":"binary-expr","locations":[{"start":{"line":10,"column":4},"end":{"line":10,"column":26}},{"start":{"line":11,"column":4},"end":{"line":11,"column":34}},{"start":{"line":12,"column":4},"end":{"line":12,"column":15}}],"line":10},"1":{"loc":{"start":{"line":18,"column":4},"end":{"line":25,"column":5}},"type":"if","locations":[{"start":{"line":18,"column":4},"end":{"line":25,"column":5}},{"start":{},"end":{}}],"line":18},"2":{"loc":{"start":{"line":18,"column":8},"end":{"line":18,"column":52}},"type":"binary-expr","locations":[{"start":{"line":18,"column":8},"end":{"line":18,"column":21}},{"start":{"line":18,"column":25},"end":{"line":18,"column":52}}],"line":18},"3":{"loc":{"start":{"line":20,"column":8},"end":{"line":24,"column":9}},"type":"if","locations":[{"start":{"line":20,"column":8},"end":{"line":24,"column":9}},{"start":{"line":22,"column":15},"end":{"line":24,"column":9}}],"line":20},"4":{"loc":{"start":{"line":32,"column":4},"end":{"line":40,"column":5}},"type":"if","locations":[{"start":{"line":32,"column":4},"end":{"line":40,"column":5}},{"start":{"line":34,"column":11},"end":{"line":40,"column":5}}],"line":32},"5":{"loc":{"start":{"line":34,"column":11},"end":{"line":40,"column":5}},"type":"if","locations":[{"start":{"line":34,"column":11},"end":{"line":40,"column":5}},{"start":{"line":36,"column":11},"end":{"line":40,"column":5}}],"line":34},"6":{"loc":{"start":{"line":36,"column":11},"end":{"line":40,"column":5}},"type":"if","locations":[{"start":{"line":36,"column":11},"end":{"line":40,"column":5}},{"start":{"line":38,"column":11},"end":{"line":40,"column":5}}],"line":36},"7":{"loc":{"start":{"line":43,"column":4},"end":{"line":53,"column":5}},"type":"if","locations":[{"start":{"line":43,"column":4},"end":{"line":53,"column":5}},{"start":{},"end":{}}],"line":43},"8":{"loc":{"start":{"line":43,"column":8},"end":{"line":43,"column":34}},"type":"binary-expr","locations":[{"start":{"line":43,"column":8},"end":{"line":43,"column":24}},{"start":{"line":43,"column":28},"end":{"line":43,"column":34}}],"line":43},"9":{"loc":{"start":{"line":78,"column":26},"end":{"line":78,"column":44}},"type":"binary-expr","locations":[{"start":{"line":78,"column":26},"end":{"line":78,"column":38}},{"start":{"line":78,"column":42},"end":{"line":78,"column":44}}],"line":78},"10":{"loc":{"start":{"line":105,"column":26},"end":{"line":105,"column":44}},"type":"binary-expr","locations":[{"start":{"line":105,"column":26},"end":{"line":105,"column":38}},{"start":{"line":105,"column":42},"end":{"line":105,"column":44}}],"line":105},"11":{"loc":{"start":{"line":124,"column":8},"end":{"line":126,"column":9}},"type":"if","locations":[{"start":{"line":124,"column":8},"end":{"line":126,"column":9}},{"start":{},"end":{}}],"line":124},"12":{"loc":{"start":{"line":124,"column":12},"end":{"line":124,"column":51}},"type":"binary-expr","locations":[{"start":{"line":124,"column":12},"end":{"line":124,"column":17}},{"start":{"line":124,"column":21},"end":{"line":124,"column":27}},{"start":{"line":124,"column":31},"end":{"line":124,"column":39}},{"start":{"line":124,"column":43},"end":{"line":124,"column":51}}],"line":124},"13":{"loc":{"start":{"line":141,"column":8},"end":{"line":143,"column":9}},"type":"if","locations":[{"start":{"line":141,"column":8},"end":{"line":143,"column":9}},{"start":{},"end":{}}],"line":141},"14":{"loc":{"start":{"line":165,"column":8},"end":{"line":167,"column":9}},"type":"if","locations":[{"start":{"line":165,"column":8},"end":{"line":167,"column":9}},{"start":{},"end":{}}],"line":165},"15":{"loc":{"start":{"line":176,"column":8},"end":{"line":178,"column":9}},"type":"if","locations":[{"start":{"line":176,"column":8},"end":{"line":178,"column":9}},{"start":{},"end":{}}],"line":176},"16":{"loc":{"start":{"line":180,"column":8},"end":{"line":182,"column":9}},"type":"if","locations":[{"start":{"line":180,"column":8},"end":{"line":182,"column":9}},{"start":{},"end":{}}],"line":180},"17":{"loc":{"start":{"line":184,"column":8},"end":{"line":195,"column":9}},"type":"if","locations":[{"start":{"line":184,"column":8},"end":{"line":195,"column":9}},{"start":{},"end":{}}],"line":184},"18":{"loc":{"start":{"line":184,"column":12},"end":{"line":184,"column":44}},"type":"binary-expr","locations":[{"start":{"line":184,"column":12},"end":{"line":184,"column":34}},{"start":{"line":184,"column":38},"end":{"line":184,"column":44}}],"line":184},"19":{"loc":{"start":{"line":217,"column":8},"end":{"line":219,"column":9}},"type":"if","locations":[{"start":{"line":217,"column":8},"end":{"line":219,"column":9}},{"start":{},"end":{}}],"line":217},"20":{"loc":{"start":{"line":228,"column":8},"end":{"line":230,"column":9}},"type":"if","locations":[{"start":{"line":228,"column":8},"end":{"line":230,"column":9}},{"start":{},"end":{}}],"line":228},"21":{"loc":{"start":{"line":232,"column":8},"end":{"line":234,"column":9}},"type":"if","locations":[{"start":{"line":232,"column":8},"end":{"line":234,"column":9}},{"start":{},"end":{}}],"line":232},"22":{"loc":{"start":{"line":238,"column":8},"end":{"line":240,"column":9}},"type":"if","locations":[{"start":{"line":238,"column":8},"end":{"line":240,"column":9}},{"start":{},"end":{}}],"line":238},"23":{"loc":{"start":{"line":238,"column":12},"end":{"line":238,"column":32}},"type":"binary-expr","locations":[{"start":{"line":238,"column":12},"end":{"line":238,"column":20}},{"start":{"line":238,"column":24},"end":{"line":238,"column":32}}],"line":238},"24":{"loc":{"start":{"line":246,"column":8},"end":{"line":250,"column":9}},"type":"if","locations":[{"start":{"line":246,"column":8},"end":{"line":250,"column":9}},{"start":{},"end":{}}],"line":246},"25":{"loc":{"start":{"line":252,"column":8},"end":{"line":256,"column":9}},"type":"if","locations":[{"start":{"line":252,"column":8},"end":{"line":256,"column":9}},{"start":{},"end":{}}],"line":252}},"s":{"0":5,"1":5,"2":5,"3":5,"4":5,"5":5,"6":5,"7":5,"8":5,"9":5,"10":10,"11":10,"12":10,"13":10,"14":0,"15":10,"16":10,"17":10,"18":10,"19":0,"20":10,"21":0,"22":10,"23":8,"24":2,"25":10,"26":10,"27":4,"28":4,"29":4,"30":0,"31":10,"32":5,"33":7,"34":7,"35":5,"36":8,"37":5,"38":5,"39":2,"40":5,"41":4,"42":4,"43":3,"44":2,"45":3,"46":3,"47":1,"48":5,"49":7,"50":7,"51":7,"52":2,"53":5,"54":5,"55":5,"56":5,"57":2,"58":5,"59":4,"60":1,"61":5,"62":8,"63":8,"64":8,"65":0,"66":8,"67":7,"68":2,"69":5,"70":2,"71":3,"72":1,"73":1,"74":0,"75":3,"76":3,"77":1,"78":5,"79":11,"80":11,"81":11,"82":0,"83":11,"84":10,"85":2,"86":8,"87":2,"88":6,"89":6,"90":2,"91":4,"92":4,"93":4,"94":4,"95":3,"96":3,"97":3,"98":4,"99":3,"100":3,"101":3,"102":4,"103":4,"104":4,"105":4,"106":4,"107":1,"108":5},"f":{"0":10,"1":7,"2":8,"3":4,"4":2,"5":7,"6":8,"7":11},"b":{"0":[5,0,0],"1":[10,0],"2":[10,10],"3":[0,10],"4":[0,10],"5":[0,10],"6":[8,2],"7":[4,6],"8":[10,4],"9":[5,1],"10":[3,0],"11":[2,5],"12":[7,7,5,5],"13":[2,3],"14":[0,8],"15":[2,5],"16":[2,3],"17":[1,2],"18":[3,1],"19":[0,11],"20":[2,8],"21":[2,6],"22":[2,4],"23":[6,3],"24":[3,1],"25":[3,1]},"_coverageSchema":"1a1c01bbd47fc00a2c39e90264f33305004495a9","hash":"2c5761ef0698089b7dbf0fe936240b43aef87c40"}
,"/home/deep/coding/tekkzy/backend/controllers/uploadController.js": {"path":"/home/deep/coding/tekkzy/backend/controllers/uploadController.js","statementMap":{"0":{"start":{"line":1,"column":13},"end":{"line":1,"column":28}},"1":{"start":{"line":2,"column":23},"end":{"line":2,"column":38}},"2":{"start":{"line":3,"column":39},"end":{"line":3,"column":68}},"3":{"start":{"line":4,"column":25},"end":{"line":4,"column":65}},"4":{"start":{"line":7,"column":2},"end":{"line":9,"column":13}},"5":{"start":{"line":11,"column":11},"end":{"line":11,"column":35}},"6":{"start":{"line":12,"column":15},"end":{"line":12,"column":36}},"7":{"start":{"line":17,"column":30},"end":{"line":56,"column":1}},"8":{"start":{"line":18,"column":2},"end":{"line":55,"column":3}},"9":{"start":{"line":19,"column":38},"end":{"line":19,"column":46}},"10":{"start":{"line":21,"column":4},"end":{"line":23,"column":5}},"11":{"start":{"line":22,"column":6},"end":{"line":22,"column":75}},"12":{"start":{"line":25,"column":4},"end":{"line":29,"column":5}},"13":{"start":{"line":26,"column":6},"end":{"line":28,"column":68}},"14":{"start":{"line":31,"column":4},"end":{"line":33,"column":5}},"15":{"start":{"line":32,"column":6},"end":{"line":32,"column":77}},"16":{"start":{"line":35,"column":20},"end":{"line":35,"column":48}},"17":{"start":{"line":36,"column":23},"end":{"line":36,"column":71}},"18":{"start":{"line":37,"column":16},"end":{"line":37,"column":53}},"19":{"start":{"line":39,"column":20},"end":{"line":43,"column":6}},"20":{"start":{"line":45,"column":22},"end":{"line":45,"column":73}},"21":{"start":{"line":47,"column":4},"end":{"line":52,"column":7}},"22":{"start":{"line":54,"column":4},"end":{"line":54,"column":53}},"23":{"start":{"line":58,"column":0},"end":{"line":58,"column":43}}},"fnMap":{"0":{"name":"(anonymous_0)","decl":{"start":{"line":17,"column":30},"end":{"line":17,"column":31}},"loc":{"start":{"line":17,"column":50},"end":{"line":56,"column":1}},"line":17}},"branchMap":{"0":{"loc":{"start":{"line":7,"column":2},"end":{"line":9,"column":13}},"type":"binary-expr","locations":[{"start":{"line":7,"column":2},"end":{"line":7,"column":24}},{"start":{"line":8,"column":2},"end":{"line":8,"column":32}},{"start":{"line":9,"column":2},"end":{"line":9,"column":13}}],"line":7},"1":{"loc":{"start":{"line":21,"column":4},"end":{"line":23,"column":5}},"type":"if","locations":[{"start":{"line":21,"column":4},"end":{"line":23,"column":5}},{"start":{},"end":{}}],"line":21},"2":{"loc":{"start":{"line":25,"column":4},"end":{"line":29,"column":5}},"type":"if","locations":[{"start":{"line":25,"column":4},"end":{"line":29,"column":5}},{"start":{},"end":{}}],"line":25},"3":{"loc":{"start":{"line":25,"column":8},"end":{"line":25,"column":33}},"type":"binary-expr","locations":[{"start":{"line":25,"column":8},"end":{"line":25,"column":17}},{"start":{"line":25,"column":21},"end":{"line":25,"column":33}}],"line":25},"4":{"loc":{"start":{"line":31,"column":4},"end":{"line":33,"column":5}},"type":"if","locations":[{"start":{"line":31,"column":4},"end":{"line":33,"column":5}},{"start":{},"end":{}}],"line":31},"5":{"loc":{"start":{"line":35,"column":20},"end":{"line":35,"column":48}},"type":"binary-expr","locations":[{"start":{"line":35,"column":20},"end":{"line":35,"column":42}},{"start":{"line":35,"column":46},"end":{"line":35,"column":48}}],"line":35},"6":{"loc":{"start":{"line":36,"column":23},"end":{"line":36,"column":71}},"type":"cond-expr","locations":[{"start":{"line":36,"column":38},"end":{"line":36,"column":60}},{"start":{"line":36,"column":63},"end":{"line":36,"column":71}}],"line":36}},"s":{"0":5,"1":5,"2":5,"3":5,"4":5,"5":5,"6":5,"7":5,"8":11,"9":11,"10":11,"11":0,"12":11,"13":4,"14":7,"15":2,"16":5,"17":5,"18":5,"19":5,"20":5,"21":3,"22":2,"23":5},"f":{"0":11},"b":{"0":[5,0,0],"1":[0,11],"2":[4,7],"3":[11,9],"4":[2,5],"5":[5,1],"6":[5,0]},"_coverageSchema":"1a1c01bbd47fc00a2c39e90264f33305004495a9","hash":"19347330a8b41b7ebe4713adbe9ab0e77d4efc2e"}
,"/home/deep/coding/tekkzy/backend/middleware/authMiddleware.js": {"path":"/home/deep/coding/tekkzy/backend/middleware/authMiddleware.js","statementMap":{"0":{"start":{"line":1,"column":31},"end":{"line":1,"column":56}},"1":{"start":{"line":2,"column":23},"end":{"line":2,"column":55}},"2":{"start":{"line":3,"column":22},"end":{"line":3,"column":49}},"3":{"start":{"line":5,"column":20},"end":{"line":5,"column":52}},"4":{"start":{"line":8,"column":15},"end":{"line":8,"column":19}},"5":{"start":{"line":10,"column":4},"end":{"line":16,"column":5}},"6":{"start":{"line":11,"column":8},"end":{"line":15,"column":11}},"7":{"start":{"line":17,"column":4},"end":{"line":17,"column":20}},"8":{"start":{"line":20,"column":16},"end":{"line":47,"column":1}},"9":{"start":{"line":23,"column":4},"end":{"line":42,"column":5}},"10":{"start":{"line":24,"column":8},"end":{"line":41,"column":9}},"11":{"start":{"line":25,"column":12},"end":{"line":25,"column":60}},"12":{"start":{"line":28,"column":28},"end":{"line":28,"column":61}},"13":{"start":{"line":31,"column":12},"end":{"line":35,"column":14}},"14":{"start":{"line":37,"column":12},"end":{"line":37,"column":19}},"15":{"start":{"line":39,"column":12},"end":{"line":39,"column":48}},"16":{"start":{"line":40,"column":12},"end":{"line":40,"column":79}},"17":{"start":{"line":44,"column":4},"end":{"line":46,"column":5}},"18":{"start":{"line":45,"column":8},"end":{"line":45,"column":70}},"19":{"start":{"line":49,"column":0},"end":{"line":49,"column":29}}},"fnMap":{"0":{"name":"getVerifier","decl":{"start":{"line":9,"column":9},"end":{"line":9,"column":20}},"loc":{"start":{"line":9,"column":23},"end":{"line":18,"column":1}},"line":9},"1":{"name":"(anonymous_1)","decl":{"start":{"line":20,"column":16},"end":{"line":20,"column":17}},"loc":{"start":{"line":20,"column":42},"end":{"line":47,"column":1}},"line":20}},"branchMap":{"0":{"loc":{"start":{"line":10,"column":4},"end":{"line":16,"column":5}},"type":"if","locations":[{"start":{"line":10,"column":4},"end":{"line":16,"column":5}},{"start":{},"end":{}}],"line":10},"1":{"loc":{"start":{"line":23,"column":4},"end":{"line":42,"column":5}},"type":"if","locations":[{"start":{"line":23,"column":4},"end":{"line":42,"column":5}},{"start":{},"end":{}}],"line":23},"2":{"loc":{"start":{"line":23,"column":8},"end":{"line":23,"column":83}},"type":"binary-expr","locations":[{"start":{"line":23,"column":8},"end":{"line":23,"column":33}},{"start":{"line":23,"column":37},"end":{"line":23,"column":83}}],"line":23},"3":{"loc":{"start":{"line":33,"column":22},"end":{"line":33,"column":40}},"type":"binary-expr","locations":[{"start":{"line":33,"column":22},"end":{"line":33,"column":34}},{"start":{"line":33,"column":38},"end":{"line":33,"column":40}}],"line":33},"4":{"loc":{"start":{"line":44,"column":4},"end":{"line":46,"column":5}},"type":"if","locations":[{"start":{"line":44,"column":4},"end":{"line":46,"column":5}},{"start":{},"end":{}}],"line":44}},"s":{"0":5,"1":5,"2":5,"3":5,"4":5,"5":21,"6":4,"7":21,"8":5,"9":29,"10":21,"11":21,"12":21,"13":19,"14":19,"15":2,"16":2,"17":29,"18":8,"19":5},"f":{"0":21,"1":29},"b":{"0":[4,17],"1":[21,8],"2":[29,22],"3":[19,1],"4":[8,21]},"_coverageSchema":"1a1c01bbd47fc00a2c39e90264f33305004495a9","hash":"c2a48320899c2356d0811851d95e02a93948301f"}
,"/home/deep/coding/tekkzy/backend/routes/authRoutes.js": {"path":"/home/deep/coding/tekkzy/backend/routes/authRoutes.js","statementMap":{"0":{"start":{"line":1,"column":16},"end":{"line":1,"column":34}},"1":{"start":{"line":2,"column":15},"end":{"line":2,"column":31}},"2":{"start":{"line":3,"column":68},"end":{"line":3,"column":108}},"3":{"start":{"line":4,"column":20},"end":{"line":4,"column":59}},"4":{"start":{"line":6,"column":0},"end":{"line":6,"column":39}},"5":{"start":{"line":7,"column":0},"end":{"line":7,"column":37}},"6":{"start":{"line":8,"column":0},"end":{"line":8,"column":40}},"7":{"start":{"line":9,"column":0},"end":{"line":9,"column":33}},"8":{"start":{"line":10,"column":0},"end":{"line":10,"column":34}},"9":{"start":{"line":12,"column":0},"end":{"line":12,"column":24}}},"fnMap":{},"branchMap":{},"s":{"0":4,"1":4,"2":4,"3":4,"4":4,"5":4,"6":4,"7":4,"8":4,"9":4},"f":{},"b":{},"_coverageSchema":"1a1c01bbd47fc00a2c39e90264f33305004495a9","hash":"eb7b3bdc3fb55a3206636f991a1892a971ea29da"}
,"/home/deep/coding/tekkzy/backend/routes/contactRoutes.js": {"path":"/home/deep/coding/tekkzy/backend/routes/contactRoutes.js","statementMap":{"0":{"start":{"line":1,"column":16},"end":{"line":1,"column":34}},"1":{"start":{"line":2,"column":15},"end":{"line":2,"column":31}},"2":{"start":{"line":9,"column":4},"end":{"line":9,"column":47}},"3":{"start":{"line":10,"column":20},"end":{"line":10,"column":59}},"4":{"start":{"line":12,"column":0},"end":{"line":12,"column":29}},"5":{"start":{"line":13,"column":0},"end":{"line":13,"column":46}},"6":{"start":{"line":14,"column":0},"end":{"line":14,"column":41}},"7":{"start":{"line":15,"column":0},"end":{"line":15,"column":43}},"8":{"start":{"line":16,"column":0},"end":{"line":16,"column":46}},"9":{"start":{"line":18,"column":0},"end":{"line":18,"column":24}}},"fnMap":{},"branchMap":{},"s":{"0":4,"1":4,"2":4,"3":4,"4":4,"5":4,"6":4,"7":4,"8":4,"9":4},"f":{},"b":{},"_coverageSchema":"1a1c01bbd47fc00a2c39e90264f33305004495a9","hash":"c9a13a09bd62cc28b106646e22393bbd24475360"}
,"/home/deep/coding/tekkzy/backend/routes/uploadRoutes.js": {"path":"/home/deep/coding/tekkzy/backend/routes/uploadRoutes.js","statementMap":{"0":{"start":{"line":1,"column":16},"end":{"line":1,"column":34}},"1":{"start":{"line":2,"column":15},"end":{"line":2,"column":31}},"2":{"start":{"line":3,"column":34},"end":{"line":3,"column":76}},"3":{"start":{"line":4,"column":20},"end":{"line":4,"column":59}},"4":{"start":{"line":6,"column":0},"end":{"line":6,"column":56}},"5":{"start":{"line":8,"column":0},"end":{"line":8,"column":24}}},"fnMap":{},"branchMap":{},"s":{"0":4,"1":4,"2":4,"3":4,"4":4,"5":4},"f":{},"b":{},"_coverageSchema":"1a1c01bbd47fc00a2c39e90264f33305004495a9","hash":"229bbfd35d113a151b372c7ce754582240f07972"}
}
