TN:
SF:index.js
FN:12,(anonymous_0)
FN:29,(anonymous_1)
FN:41,(anonymous_2)
FNF:3
FNH:1
FNDA:1,(anonymous_0)
FNDA:0,(anonymous_1)
FNDA:0,(anonymous_2)
DA:1,4
DA:2,4
DA:3,4
DA:5,4
DA:7,4
DA:8,4
DA:9,4
DA:12,4
DA:13,1
DA:24,4
DA:25,4
DA:26,4
DA:29,4
DA:30,0
DA:31,0
DA:32,0
DA:39,4
DA:40,0
DA:41,0
DA:42,0
DA:47,4
LF:21
LH:15
BRDA:30,0,0,0
BRDA:30,0,1,0
BRDA:34,1,0,0
BRDA:34,1,1,0
BRDA:39,2,0,0
BRDA:39,2,1,4
BRDA:40,3,0,0
BRDA:40,3,1,0
BRF:8
BRH:1
end_of_record
TN:
SF:__tests__/fixtures/mockData.js
FNF:0
FNH:0
DA:1,8
DA:7,8
DA:13,8
DA:19,8
DA:29,8
DA:35,8
DA:49,8
DA:51,8
DA:59,8
LF:9
LH:9
BRF:0
BRH:0
end_of_record
TN:
SF:__tests__/mocks/awsMocks.js
FN:16,(anonymous_0)
FN:22,(anonymous_1)
FN:32,(anonymous_2)
FN:39,(anonymous_3)
FNF:4
FNH:4
FNDA:5,(anonymous_0)
FNDA:8,(anonymous_1)
FNDA:4,(anonymous_2)
FNDA:10,(anonymous_3)
DA:8,8
DA:11,8
DA:12,8
DA:15,8
DA:16,8
DA:21,8
DA:22,8
DA:27,8
DA:30,8
DA:31,8
DA:32,4
DA:38,8
DA:39,10
DA:41,8
LF:14
LH:14
BRF:0
BRH:0
end_of_record
TN:
SF:controllers/authController.js
FN:21,(anonymous_0)
FN:61,(anonymous_1)
FN:92,(anonymous_2)
FN:116,(anonymous_3)
FN:144,(anonymous_4)
FN:193,(anonymous_5)
FNF:6
FNH:6
FNDA:8,(anonymous_0)
FNDA:8,(anonymous_1)
FNDA:5,(anonymous_2)
FNDA:10,(anonymous_3)
FNDA:9,(anonymous_4)
FNDA:2,(anonymous_5)
DA:8,5
DA:9,5
DA:10,5
DA:12,5
DA:13,5
DA:15,5
DA:19,5
DA:21,5
DA:22,8
DA:23,8
DA:25,8
DA:26,2
DA:29,6
DA:31,6
DA:41,6
DA:43,2
DA:50,4
DA:51,4
DA:52,2
DA:54,2
DA:55,1
DA:57,1
DA:61,5
DA:62,8
DA:63,8
DA:65,8
DA:66,2
DA:69,6
DA:71,6
DA:77,6
DA:79,2
DA:81,4
DA:82,4
DA:83,2
DA:85,2
DA:86,1
DA:88,1
DA:92,5
DA:93,5
DA:94,5
DA:96,5
DA:97,2
DA:100,3
DA:102,3
DA:107,3
DA:109,2
DA:111,1
DA:112,1
DA:116,5
DA:117,10
DA:118,10
DA:120,10
DA:121,2
DA:124,8
DA:126,8
DA:135,8
DA:136,3
DA:139,3
DA:142,3
DA:143,3
DA:144,3
DA:145,9
DA:149,3
DA:150,3
DA:151,3
DA:165,1
DA:166,0
DA:170,3
DA:179,5
DA:180,5
DA:181,2
DA:183,3
DA:184,2
DA:189,1
DA:193,5
DA:194,2
DA:197,5
LF:77
LH:76
BRDA:13,0,0,5
BRDA:13,0,1,0
BRDA:16,1,0,5
BRDA:16,1,1,0
BRDA:16,1,2,0
BRDA:25,2,0,2
BRDA:25,2,1,6
BRDA:25,3,0,8
BRDA:25,3,1,6
BRDA:25,3,2,6
BRDA:51,4,0,2
BRDA:51,4,1,2
BRDA:54,5,0,1
BRDA:54,5,1,1
BRDA:65,6,0,2
BRDA:65,6,1,6
BRDA:65,7,0,8
BRDA:65,7,1,8
BRDA:82,8,0,2
BRDA:82,8,1,2
BRDA:85,9,0,1
BRDA:85,9,1,1
BRDA:96,10,0,2
BRDA:96,10,1,3
BRDA:120,11,0,2
BRDA:120,11,1,8
BRDA:120,12,0,10
BRDA:120,12,1,10
BRDA:156,13,0,3
BRDA:156,13,1,0
BRDA:165,14,0,0
BRDA:165,14,1,1
BRDA:172,15,0,3
BRDA:172,15,1,0
BRDA:180,16,0,2
BRDA:180,16,1,3
BRDA:183,17,0,2
BRDA:183,17,1,1
BRF:38
BRH:32
end_of_record
TN:
SF:controllers/contactController.js
FN:15,(anonymous_0)
FN:69,(anonymous_1)
FN:79,(anonymous_2)
FN:93,(anonymous_3)
FN:106,(anonymous_4)
FN:120,(anonymous_5)
FN:161,(anonymous_6)
FN:213,(anonymous_7)
FNF:8
FNH:8
FNDA:10,(anonymous_0)
FNDA:7,(anonymous_1)
FNDA:8,(anonymous_2)
FNDA:4,(anonymous_3)
FNDA:2,(anonymous_4)
FNDA:7,(anonymous_5)
FNDA:8,(anonymous_6)
FNDA:11,(anonymous_7)
DA:1,5
DA:2,5
DA:3,5
DA:4,5
DA:5,5
DA:7,5
DA:8,5
DA:10,5
DA:13,5
DA:15,5
DA:17,10
DA:18,10
DA:19,10
DA:20,10
DA:21,0
DA:23,10
DA:28,10
DA:29,10
DA:32,10
DA:33,0
DA:34,10
DA:35,0
DA:36,10
DA:37,8
DA:39,2
DA:42,10
DA:43,10
DA:44,4
DA:45,4
DA:49,4
DA:51,0
DA:55,10
DA:69,5
DA:70,7
DA:72,7
DA:78,5
DA:79,8
DA:82,5
DA:84,5
DA:86,2
DA:93,5
DA:94,4
DA:95,4
DA:105,3
DA:106,2
DA:109,3
DA:111,3
DA:113,1
DA:120,5
DA:121,7
DA:122,7
DA:124,7
DA:125,2
DA:128,5
DA:129,5
DA:131,5
DA:141,5
DA:142,2
DA:145,5
DA:152,4
DA:154,1
DA:161,5
DA:162,8
DA:163,8
DA:165,8
DA:166,0
DA:169,8
DA:176,7
DA:177,2
DA:180,5
DA:181,2
DA:184,3
DA:185,1
DA:186,1
DA:193,0
DA:197,3
DA:204,3
DA:206,1
DA:213,5
DA:214,11
DA:215,11
DA:217,11
DA:218,0
DA:221,11
DA:228,10
DA:229,2
DA:232,8
DA:233,2
DA:236,6
DA:238,6
DA:239,2
DA:242,4
DA:243,4
DA:244,4
DA:246,4
DA:247,3
DA:248,3
DA:249,3
DA:252,4
DA:253,3
DA:254,3
DA:255,3
DA:258,4
DA:259,4
DA:260,4
DA:262,4
DA:273,4
DA:275,1
DA:279,5
LF:109
LH:102
BRDA:10,0,0,5
BRDA:10,0,1,0
BRDA:10,0,2,0
BRDA:18,1,0,10
BRDA:18,1,1,0
BRDA:18,2,0,10
BRDA:18,2,1,10
BRDA:20,3,0,0
BRDA:20,3,1,10
BRDA:32,4,0,0
BRDA:32,4,1,10
BRDA:34,5,0,0
BRDA:34,5,1,10
BRDA:36,6,0,8
BRDA:36,6,1,2
BRDA:43,7,0,4
BRDA:43,7,1,6
BRDA:43,8,0,10
BRDA:43,8,1,4
BRDA:78,9,0,5
BRDA:78,9,1,1
BRDA:105,10,0,3
BRDA:105,10,1,0
BRDA:124,11,0,2
BRDA:124,11,1,5
BRDA:124,12,0,7
BRDA:124,12,1,7
BRDA:124,12,2,5
BRDA:124,12,3,5
BRDA:141,13,0,2
BRDA:141,13,1,3
BRDA:165,14,0,0
BRDA:165,14,1,8
BRDA:176,15,0,2
BRDA:176,15,1,5
BRDA:180,16,0,2
BRDA:180,16,1,3
BRDA:184,17,0,1
BRDA:184,17,1,2
BRDA:184,18,0,3
BRDA:184,18,1,1
BRDA:217,19,0,0
BRDA:217,19,1,11
BRDA:228,20,0,2
BRDA:228,20,1,8
BRDA:232,21,0,2
BRDA:232,21,1,6
BRDA:238,22,0,2
BRDA:238,22,1,4
BRDA:238,23,0,6
BRDA:238,23,1,3
BRDA:246,24,0,3
BRDA:246,24,1,1
BRDA:252,25,0,3
BRDA:252,25,1,1
BRF:55
BRH:46
end_of_record
TN:
SF:controllers/uploadController.js
FN:17,(anonymous_0)
FNF:1
FNH:1
FNDA:11,(anonymous_0)
DA:1,5
DA:2,5
DA:3,5
DA:4,5
DA:7,5
DA:11,5
DA:12,5
DA:17,5
DA:18,11
DA:19,11
DA:21,11
DA:22,0
DA:25,11
DA:26,4
DA:31,7
DA:32,2
DA:35,5
DA:36,5
DA:37,5
DA:39,5
DA:45,5
DA:47,3
DA:54,2
DA:58,5
LF:24
LH:23
BRDA:7,0,0,5
BRDA:7,0,1,0
BRDA:7,0,2,0
BRDA:21,1,0,0
BRDA:21,1,1,11
BRDA:25,2,0,4
BRDA:25,2,1,7
BRDA:25,3,0,11
BRDA:25,3,1,9
BRDA:31,4,0,2
BRDA:31,4,1,5
BRDA:35,5,0,5
BRDA:35,5,1,1
BRDA:36,6,0,5
BRDA:36,6,1,0
BRF:15
BRH:11
end_of_record
TN:
SF:middleware/authMiddleware.js
FN:9,getVerifier
FN:20,(anonymous_1)
FNF:2
FNH:2
FNDA:21,getVerifier
FNDA:29,(anonymous_1)
DA:1,5
DA:2,5
DA:3,5
DA:5,5
DA:8,5
DA:10,21
DA:11,4
DA:17,21
DA:20,5
DA:23,29
DA:24,21
DA:25,21
DA:28,21
DA:31,19
DA:37,19
DA:39,2
DA:40,2
DA:44,29
DA:45,8
DA:49,5
LF:20
LH:20
BRDA:10,0,0,4
BRDA:10,0,1,17
BRDA:23,1,0,21
BRDA:23,1,1,8
BRDA:23,2,0,29
BRDA:23,2,1,22
BRDA:33,3,0,19
BRDA:33,3,1,1
BRDA:44,4,0,8
BRDA:44,4,1,21
BRF:10
BRH:10
end_of_record
TN:
SF:routes/authRoutes.js
FNF:0
FNH:0
DA:1,4
DA:2,4
DA:3,4
DA:4,4
DA:6,4
DA:7,4
DA:8,4
DA:9,4
DA:10,4
DA:12,4
LF:10
LH:10
BRF:0
BRH:0
end_of_record
TN:
SF:routes/contactRoutes.js
FNF:0
FNH:0
DA:1,4
DA:2,4
DA:9,4
DA:10,4
DA:12,4
DA:13,4
DA:14,4
DA:15,4
DA:16,4
DA:18,4
LF:10
LH:10
BRF:0
BRH:0
end_of_record
TN:
SF:routes/uploadRoutes.js
FNF:0
FNH:0
DA:1,4
DA:2,4
DA:3,4
DA:4,4
DA:6,4
DA:8,4
LF:6
LH:6
BRF:0
BRH:0
end_of_record
